<?xml version="1.0" encoding="UTF-8"?>
<!-- Generated by org.testng.reporters.JUnitXMLReporter -->
<testsuite hostname="Pradeep-Chakrawarti" failures="0" tests="1" name="Test" time="3.761" errors="0" timestamp="29 Jan 2024 05:39:31 GMT">
  <testcase classname="Project_Part2.TEST_CASES" name="@BeforeMethod setUp" time="0.0">
    <failure type="java.lang.NullPointerException" message="Cannot invoke &amp;quot;com.relevantcodes.extentreports.ExtentTest.log(com.relevantcodes.extentreports.LogStatus, String)&amp;quot; because &amp;quot;this.test&amp;quot; is null">
      <![CDATA[java.lang.NullPointerException: Cannot invoke "com.relevantcodes.extentreports.ExtentTest.log(com.relevantcodes.extentreports.LogStatus, String)" because "this.test" is null
	at Project_Part2.TEST_CASES.setUp(TEST_CASES.java:47)
... Removed 26 stack frames]]>
    </failure>
  </testcase> <!-- @BeforeMethod setUp -->
  <testcase classname="Project_Part2.TEST_CASES" name="CartPage" time="0.001">
    <skipped/>
  </testcase> <!-- CartPage -->
</testsuite> <!-- Test -->
