<?xml version="1.0" encoding="UTF-8"?>
<testng-results total="1" passed="1" failed="0" skipped="0">
  <reporter-output>
  </reporter-output>
  <suite started-at="2024-01-29T10:59:23Z" name="Default suite" finished-at="2024-01-29T11:00:01Z" duration-ms="37945">
    <groups>
    </groups>
    <test started-at="2024-01-29T10:59:23Z" name="Default test" finished-at="2024-01-29T11:00:01Z" duration-ms="37945">
      <class name="Project_Part2.TEST_CASES">
        <test-method is-config="true" signature="reportSetUp()[pri:0, instance:Project_Part2.TEST_CASES@b4711e2]" started-at="2024-01-29T16:29:23Z" name="reportSetUp" test-instance-name="" finished-at="2024-01-29T16:29:23Z" duration-ms="523" status="PASS">
          <reporter-output>
          </reporter-output>
        </test-method> <!-- reportSetUp -->
        <test-method is-config="true" signature="setUp()[pri:0, instance:Project_Part2.TEST_CASES@b4711e2]" started-at="2024-01-29T16:29:23Z" name="setUp" test-instance-name="" finished-at="2024-01-29T16:29:30Z" duration-ms="7066" status="PASS">
          <reporter-output>
          </reporter-output>
        </test-method> <!-- setUp -->
        <test-method signature="ShowProductDetails()[pri:0, instance:Project_Part2.TEST_CASES@b4711e2]" started-at="2024-01-29T16:29:30Z" name="ShowProductDetails" test-instance-name="" finished-at="2024-01-29T16:30:00Z" duration-ms="29579" status="PASS">
          <reporter-output>
          </reporter-output>
        </test-method> <!-- ShowProductDetails -->
        <test-method is-config="true" signature="TearDown()[pri:0, instance:Project_Part2.TEST_CASES@b4711e2]" started-at="2024-01-29T16:30:00Z" name="TearDown" test-instance-name="" finished-at="2024-01-29T16:30:00Z" duration-ms="181" status="PASS">
          <reporter-output>
          </reporter-output>
        </test-method> <!-- TearDown -->
        <test-method is-config="true" signature="ends()[pri:0, instance:Project_Part2.TEST_CASES@b4711e2]" started-at="2024-01-29T16:30:00Z" name="ends" test-instance-name="" finished-at="2024-01-29T16:30:01Z" duration-ms="567" status="PASS">
          <reporter-output>
          </reporter-output>
        </test-method> <!-- ends -->
      </class> <!-- Project_Part2.TEST_CASES -->
    </test> <!-- Default test -->
  </suite> <!-- Default suite -->
</testng-results>
